app/build/intermediates/manifest_merge_blame_file/release/manifest-merger-blame-release-report.txt
1<?xml version="1.0" encoding="utf-8"?>
2<manifest xmlns:android="http://schemas.android.com/apk/res/android"
3    package="com.example.passportscanner"
4    android:versionCode="1"
5    android:versionName="1.0" >
6
7    <uses-sdk
8        android:minSdkVersion="21"
8-->src/main/AndroidManifest.xml
9        android:targetSdkVersion="34" />
9-->src/main/AndroidManifest.xml
10
11    <!-- NFC Permissions -->
12    <uses-permission android:name="android.permission.NFC" />
12-->src/main/AndroidManifest.xml:7:5-62
12-->src/main/AndroidManifest.xml:7:22-59
13
14    <uses-feature
14-->src/main/AndroidManifest.xml:8:5-10:35
15        android:name="android.hardware.nfc"
15-->src/main/AndroidManifest.xml:9:9-44
16        android:required="true" />
16-->src/main/AndroidManifest.xml:10:9-32
17
18    <!-- Internet Permission for fetching CRLs and other data -->
19    <uses-permission android:name="android.permission.INTERNET" />
19-->src/main/AndroidManifest.xml:13:5-67
19-->src/main/AndroidManifest.xml:13:22-64
20
21    <!-- Camera Permission for capturing passport photo -->
22    <uses-permission android:name="android.permission.CAMERA" />
22-->src/main/AndroidManifest.xml:16:5-65
22-->src/main/AndroidManifest.xml:16:22-62
23
24    <uses-feature
24-->src/main/AndroidManifest.xml:17:5-19:36
25        android:name="android.hardware.camera"
25-->src/main/AndroidManifest.xml:18:9-47
26        android:required="false" />
26-->src/main/AndroidManifest.xml:19:9-33
27
28    <permission
28-->[androidx.core:core:1.9.0] AndroidManifest.xml:22:5-24:47
29        android:name="com.example.passportscanner.DYNAMIC_RECEIVER_NOT_EXPORTED_PERMISSION"
29-->[androidx.core:core:1.9.0] AndroidManifest.xml:23:9-81
30        android:protectionLevel="signature" />
30-->[androidx.core:core:1.9.0] AndroidManifest.xml:24:9-44
31
32    <uses-permission android:name="com.example.passportscanner.DYNAMIC_RECEIVER_NOT_EXPORTED_PERMISSION" />
32-->[androidx.core:core:1.9.0] AndroidManifest.xml:26:5-97
32-->[androidx.core:core:1.9.0] AndroidManifest.xml:26:22-94
33
34    <application
34-->src/main/AndroidManifest.xml:21:5-53:19
35        android:allowBackup="true"
35-->src/main/AndroidManifest.xml:22:9-35
36        android:appComponentFactory="androidx.core.app.CoreComponentFactory"
36-->[androidx.core:core:1.9.0] AndroidManifest.xml:28:18-86
37        android:dataExtractionRules="@xml/data_extraction_rules"
37-->src/main/AndroidManifest.xml:23:9-65
38        android:fullBackupContent="@xml/backup_rules"
38-->src/main/AndroidManifest.xml:24:9-54
39        android:icon="@mipmap/ic_launcher"
39-->src/main/AndroidManifest.xml:25:9-43
40        android:label="@string/app_name"
40-->src/main/AndroidManifest.xml:26:9-41
41        android:theme="@style/Theme.PassportScanner" >
41-->src/main/AndroidManifest.xml:27:9-53
42        <activity
42-->src/main/AndroidManifest.xml:30:9-38:20
43            android:name="com.example.passportscanner.MRZInputActivity"
43-->src/main/AndroidManifest.xml:31:13-45
44            android:exported="true"
44-->src/main/AndroidManifest.xml:32:13-36
45            android:theme="@style/Theme.PassportScanner" >
45-->src/main/AndroidManifest.xml:33:13-57
46            <intent-filter>
46-->src/main/AndroidManifest.xml:34:13-37:29
47                <action android:name="android.intent.action.MAIN" />
47-->src/main/AndroidManifest.xml:35:17-69
47-->src/main/AndroidManifest.xml:35:25-66
48
49                <category android:name="android.intent.category.LAUNCHER" />
49-->src/main/AndroidManifest.xml:36:17-77
49-->src/main/AndroidManifest.xml:36:27-74
50            </intent-filter>
51        </activity>
52        <activity
52-->src/main/AndroidManifest.xml:40:9-52:20
53            android:name="com.example.passportscanner.MainActivity"
53-->src/main/AndroidManifest.xml:41:13-41
54            android:exported="true"
54-->src/main/AndroidManifest.xml:42:13-36
55            android:theme="@style/Theme.PassportScanner" >
55-->src/main/AndroidManifest.xml:43:13-57
56
57            <!-- Intent filter for NFC tag discovery -->
58            <intent-filter>
58-->src/main/AndroidManifest.xml:45:13-47:29
59                <action android:name="android.nfc.action.TECH_DISCOVERED" />
59-->src/main/AndroidManifest.xml:46:17-77
59-->src/main/AndroidManifest.xml:46:25-74
60            </intent-filter>
61
62            <meta-data
62-->src/main/AndroidManifest.xml:49:13-51:59
63                android:name="android.nfc.action.TECH_DISCOVERED"
63-->src/main/AndroidManifest.xml:50:17-66
64                android:resource="@xml/nfc_tech_filter" />
64-->src/main/AndroidManifest.xml:51:17-56
65        </activity>
66
67        <provider
67-->[androidx.emoji2:emoji2:1.2.0] AndroidManifest.xml:24:9-32:20
68            android:name="androidx.startup.InitializationProvider"
68-->[androidx.emoji2:emoji2:1.2.0] AndroidManifest.xml:25:13-67
69            android:authorities="com.example.passportscanner.androidx-startup"
69-->[androidx.emoji2:emoji2:1.2.0] AndroidManifest.xml:26:13-68
70            android:exported="false" >
70-->[androidx.emoji2:emoji2:1.2.0] AndroidManifest.xml:27:13-37
71            <meta-data
71-->[androidx.emoji2:emoji2:1.2.0] AndroidManifest.xml:29:13-31:52
72                android:name="androidx.emoji2.text.EmojiCompatInitializer"
72-->[androidx.emoji2:emoji2:1.2.0] AndroidManifest.xml:30:17-75
73                android:value="androidx.startup" />
73-->[androidx.emoji2:emoji2:1.2.0] AndroidManifest.xml:31:17-49
74            <meta-data
74-->[androidx.lifecycle:lifecycle-process:2.4.1] AndroidManifest.xml:31:13-33:52
75                android:name="androidx.lifecycle.ProcessLifecycleInitializer"
75-->[androidx.lifecycle:lifecycle-process:2.4.1] AndroidManifest.xml:32:17-78
76                android:value="androidx.startup" />
76-->[androidx.lifecycle:lifecycle-process:2.4.1] AndroidManifest.xml:33:17-49
77        </provider>
78    </application>
79
80</manifest>